Soft reset
[:] dkong_speech_w: 0xff
[:maincpu] ':maincpu' (026E): unmapped program memory write to 6C00 = 00 & FF
[:maincpu] ':maincpu' (026E): unmapped program memory write to 6C01 = 00 & FF
[:maincpu] ':maincpu' (026E): unmapped program memory write to 6C02 = 00 & FF
[:maincpu] ':maincpu' (026E): unmapped program memory write to 6C03 = 00 & FF
[:maincpu] ':maincpu' (026E): unmapped program memory write to 6C04 = 00 & FF
[:maincpu] ':maincpu' (026E): unmapped program memory write to 6C05 = 00 & FF
[:maincpu] ':maincpu' (026E): unmapped program memory write to 6C06 = 00 & FF
[:maincpu] ':maincpu' (026E): unmapped program memory write to 6C07 = 00 & FF
[:maincpu] ':maincpu' (026E): unmapped program memory write to 6C08 = 00 & FF
[:maincpu] ':maincpu' (026E): unmapped program memory write to 6C09 = 00 & FF
[:maincpu] ':maincpu' (026E): unmapped program memory write to 6C0A = 00 & FF
[:maincpu] ':maincpu' (026E): unmapped program memory write to 6C0B = 00 & FF
[:maincpu] ':maincpu' (026E): unmapped program memory write to 6C0C = 00 & FF
[:maincpu] ':maincpu' (026E): unmapped program memory write to 6C0D = 00 & FF
[:maincpu] ':maincpu' (026E): unmapped program memory write to 6C0E = 00 & FF
[:maincpu] ':maincpu' (026E): unmapped program memory write to 6C0F = 00 & FF
[:maincpu] ':maincpu' (026E): unmapped program memory write to 6C10 = 00 & FF
[:maincpu] ':maincpu' (026E): unmapped program memory write to 6C11 = 00 & FF
[:maincpu] ':maincpu' (026E): unmapped program memory write to 6C12 = 00 & FF
[:maincpu] ':maincpu' (026E): unmapped program memory write to 6C13 = 00 & FF
[:maincpu] ':maincpu' (026E): unmapped program memory write to 6C14 = 00 & FF
[:maincpu] ':maincpu' (026E): unmapped program memory write to 6C15 = 00 & FF
[:maincpu] ':maincpu' (026E): unmapped program memory write to 6C16 = 00 & FF
[:maincpu] ':maincpu' (026E): unmapped program memory write to 6C17 = 00 & FF
[:maincpu] ':maincpu' (026E): unmapped program memory write to 6C18 = 00 & FF
[:maincpu] ':maincpu' (026E): unmapped program memory write to 6C19 = 00 & FF
[:maincpu] ':maincpu' (026E): unmapped program memory write to 6C1A = 00 & FF
[:maincpu] ':maincpu' (026E): unmapped program memory write to 6C1B = 00 & FF
[:maincpu] ':maincpu' (026E): unmapped program memory write to 6C1C = 00 & FF
[:maincpu] ':maincpu' (026E): unmapped program memory write to 6C1D = 00 & FF
[:maincpu] ':maincpu' (026E): unmapped program memory write to 6C1E = 00 & FF
[:maincpu] ':maincpu' (026E): unmapped program memory write to 6C1F = 00 & FF
[:maincpu] ':maincpu' (026E): unmapped program memory write to 6C20 = 00 & FF
[:maincpu] ':maincpu' (026E): unmapped program memory write to 6C21 = 00 & FF
[:maincpu] ':maincpu' (026E): unmapped program memory write to 6C22 = 00 & FF
[:maincpu] ':maincpu' (026E): unmapped program memory write to 6C23 = 00 & FF
[:maincpu] ':maincpu' (026E): unmapped program memory write to 6C24 = 00 & FF
[:maincpu] ':maincpu' (026E): unmapped program memory write to 6C25 = 00 & FF
[:maincpu] ':maincpu' (026E): unmapped program memory write to 6C26 = 00 & FF
[:maincpu] ':maincpu' (026E): unmapped program memory write to 6C27 = 00 & FF
[:maincpu] ':maincpu' (026E): unmapped program memory write to 6C28 = 00 & FF
[:maincpu] ':maincpu' (026E): unmapped program memory write to 6C29 = 00 & FF
[:maincpu] ':maincpu' (026E): unmapped program memory write to 6C2A = 00 & FF
[:maincpu] ':maincpu' (026E): unmapped program memory write to 6C2B = 00 & FF
[:maincpu] ':maincpu' (026E): unmapped program memory write to 6C2C = 00 & FF
[:maincpu] ':maincpu' (026E): unmapped program memory write to 6C2D = 00 & FF
[:maincpu] ':maincpu' (026E): unmapped program memory write to 6C2E = 00 & FF
[:maincpu] ':maincpu' (026E): unmapped program memory write to 6C2F = 00 & FF
[:maincpu] ':maincpu' (026E): unmapped program memory write to 6C30 = 00 & FF
[:maincpu] ':maincpu' (026E): unmapped program memory write to 6C31 = 00 & FF
[:maincpu] ':maincpu' (026E): unmapped program memory write to 6C32 = 00 & FF
[:maincpu] ':maincpu' (026E): unmapped program memory write to 6C33 = 00 & FF
[:maincpu] ':maincpu' (026E): unmapped program memory write to 6C34 = 00 & FF
[:maincpu] ':maincpu' (026E): unmapped program memory write to 6C35 = 00 & FF
[:maincpu] ':maincpu' (026E): unmapped program memory write to 6C36 = 00 & FF
[:maincpu] ':maincpu' (026E): unmapped program memory write to 6C37 = 00 & FF
[:maincpu] ':maincpu' (026E): unmapped program memory write to 6C38 = 00 & FF
[:maincpu] ':maincpu' (026E): unmapped program memory write to 6C39 = 00 & FF
[:maincpu] ':maincpu' (026E): unmapped program memory write to 6C3A = 00 & FF
[:maincpu] ':maincpu' (026E): unmapped program memory write to 6C3B = 00 & FF
[:maincpu] ':maincpu' (026E): unmapped program memory write to 6C3C = 00 & FF
[:maincpu] ':maincpu' (026E): unmapped program memory write to 6C3D = 00 & FF
[:maincpu] ':maincpu' (026E): unmapped program memory write to 6C3E = 00 & FF
[:maincpu] ':maincpu' (026E): unmapped program memory write to 6C3F = 00 & FF
[:maincpu] ':maincpu' (026E): unmapped program memory write to 6C40 = 00 & FF
[:maincpu] ':maincpu' (026E): unmapped program memory write to 6C41 = 00 & FF
[:maincpu] ':maincpu' (026E): unmapped program memory write to 6C42 = 00 & FF
[:maincpu] ':maincpu' (026E): unmapped program memory write to 6C43 = 00 & FF
[:maincpu] ':maincpu' (026E): unmapped program memory write to 6C44 = 00 & FF
[:maincpu] ':maincpu' (026E): unmapped program memory write to 6C45 = 00 & FF
[:maincpu] ':maincpu' (026E): unmapped program memory write to 6C46 = 00 & FF
[:maincpu] ':maincpu' (026E): unmapped program memory write to 6C47 = 00 & FF
[:maincpu] ':maincpu' (026E): unmapped program memory write to 6C48 = 00 & FF
[:maincpu] ':maincpu' (026E): unmapped program memory write to 6C49 = 00 & FF
[:maincpu] ':maincpu' (026E): unmapped program memory write to 6C4A = 00 & FF
[:maincpu] ':maincpu' (026E): unmapped program memory write to 6C4B = 00 & FF
[:maincpu] ':maincpu' (026E): unmapped program memory write to 6C4C = 00 & FF
[:maincpu] ':maincpu' (026E): unmapped program memory write to 6C4D = 00 & FF
[:maincpu] ':maincpu' (026E): unmapped program memory write to 6C4E = 00 & FF
[:maincpu] ':maincpu' (026E): unmapped program memory write to 6C4F = 00 & FF
[:maincpu] ':maincpu' (026E): unmapped program memory write to 6C50 = 00 & FF
[:maincpu] ':maincpu' (026E): unmapped program memory write to 6C51 = 00 & FF
[:maincpu] ':maincpu' (026E): unmapped program memory write to 6C52 = 00 & FF
[:maincpu] ':maincpu' (026E): unmapped program memory write to 6C53 = 00 & FF
[:maincpu] ':maincpu' (026E): unmapped program memory write to 6C54 = 00 & FF
[:maincpu] ':maincpu' (026E): unmapped program memory write to 6C55 = 00 & FF
[:maincpu] ':maincpu' (026E): unmapped program memory write to 6C56 = 00 & FF
[:maincpu] ':maincpu' (026E): unmapped program memory write to 6C57 = 00 & FF
[:maincpu] ':maincpu' (026E): unmapped program memory write to 6C58 = 00 & FF
[:maincpu] ':maincpu' (026E): unmapped program memory write to 6C59 = 00 & FF
[:maincpu] ':maincpu' (026E): unmapped program memory write to 6C5A = 00 & FF
[:maincpu] ':maincpu' (026E): unmapped program memory write to 6C5B = 00 & FF
[:maincpu] ':maincpu' (026E): unmapped program memory write to 6C5C = 00 & FF
[:maincpu] ':maincpu' (026E): unmapped program memory write to 6C5D = 00 & FF
[:maincpu] ':maincpu' (026E): unmapped program memory write to 6C5E = 00 & FF
[:maincpu] ':maincpu' (026E): unmapped program memory write to 6C5F = 00 & FF
[:maincpu] ':maincpu' (026E): unmapped program memory write to 6C60 = 00 & FF
[:maincpu] ':maincpu' (026E): unmapped program memory write to 6C61 = 00 & FF
[:maincpu] ':maincpu' (026E): unmapped program memory write to 6C62 = 00 & FF
[:maincpu] ':maincpu' (026E): unmapped program memory write to 6C63 = 00 & FF
[:maincpu] ':maincpu' (026E): unmapped program memory write to 6C64 = 00 & FF
[:maincpu] ':maincpu' (026E): unmapped program memory write to 6C65 = 00 & FF
[:maincpu] ':maincpu' (026E): unmapped program memory write to 6C66 = 00 & FF
[:maincpu] ':maincpu' (026E): unmapped program memory write to 6C67 = 00 & FF
[:maincpu] ':maincpu' (026E): unmapped program memory write to 6C68 = 00 & FF
[:maincpu] ':maincpu' (026E): unmapped program memory write to 6C69 = 00 & FF
[:maincpu] ':maincpu' (026E): unmapped program memory write to 6C6A = 00 & FF
[:maincpu] ':maincpu' (026E): unmapped program memory write to 6C6B = 00 & FF
[:maincpu] ':maincpu' (026E): unmapped program memory write to 6C6C = 00 & FF
[:maincpu] ':maincpu' (026E): unmapped program memory write to 6C6D = 00 & FF
[:maincpu] ':maincpu' (026E): unmapped program memory write to 6C6E = 00 & FF
[:maincpu] ':maincpu' (026E): unmapped program memory write to 6C6F = 00 & FF
[:maincpu] ':maincpu' (026E): unmapped program memory write to 6C70 = 00 & FF
[:maincpu] ':maincpu' (026E): unmapped program memory write to 6C71 = 00 & FF
[:maincpu] ':maincpu' (026E): unmapped program memory write to 6C72 = 00 & FF
[:maincpu] ':maincpu' (026E): unmapped program memory write to 6C73 = 00 & FF
[:maincpu] ':maincpu' (026E): unmapped program memory write to 6C74 = 00 & FF
[:maincpu] ':maincpu' (026E): unmapped program memory write to 6C75 = 00 & FF
[:maincpu] ':maincpu' (026E): unmapped program memory write to 6C76 = 00 & FF
[:maincpu] ':maincpu' (026E): unmapped program memory write to 6C77 = 00 & FF
[:maincpu] ':maincpu' (026E): unmapped program memory write to 6C78 = 00 & FF
[:maincpu] ':maincpu' (026E): unmapped program memory write to 6C79 = 00 & FF
[:maincpu] ':maincpu' (026E): unmapped program memory write to 6C7A = 00 & FF
[:maincpu] ':maincpu' (026E): unmapped program memory write to 6C7B = 00 & FF
[:maincpu] ':maincpu' (026E): unmapped program memory write to 6C7C = 00 & FF
[:maincpu] ':maincpu' (026E): unmapped program memory write to 6C7D = 00 & FF
[:maincpu] ':maincpu' (026E): unmapped program memory write to 6C7E = 00 & FF
[:maincpu] ':maincpu' (026E): unmapped program memory write to 6C7F = 00 & FF
[:maincpu] ':maincpu' (026E): unmapped program memory write to 6C80 = 00 & FF
[:maincpu] ':maincpu' (026E): unmapped program memory write to 6C81 = 00 & FF
[:maincpu] ':maincpu' (026E): unmapped program memory write to 6C82 = 00 & FF
[:maincpu] ':maincpu' (026E): unmapped program memory write to 6C83 = 00 & FF
[:maincpu] ':maincpu' (026E): unmapped program memory write to 6C84 = 00 & FF
[:maincpu] ':maincpu' (026E): unmapped program memory write to 6C85 = 00 & FF
[:maincpu] ':maincpu' (026E): unmapped program memory write to 6C86 = 00 & FF
[:maincpu] ':maincpu' (026E): unmapped program memory write to 6C87 = 00 & FF
[:maincpu] ':maincpu' (026E): unmapped program memory write to 6C88 = 00 & FF
[:maincpu] ':maincpu' (026E): unmapped program memory write to 6C89 = 00 & FF
[:maincpu] ':maincpu' (026E): unmapped program memory write to 6C8A = 00 & FF
[:maincpu] ':maincpu' (026E): unmapped program memory write to 6C8B = 00 & FF
[:maincpu] ':maincpu' (026E): unmapped program memory write to 6C8C = 00 & FF
[:maincpu] ':maincpu' (026E): unmapped program memory write to 6C8D = 00 & FF
[:maincpu] ':maincpu' (026E): unmapped program memory write to 6C8E = 00 & FF
[:maincpu] ':maincpu' (026E): unmapped program memory write to 6C8F = 00 & FF
[:maincpu] ':maincpu' (026E): unmapped program memory write to 6C90 = 00 & FF
[:maincpu] ':maincpu' (026E): unmapped program memory write to 6C91 = 00 & FF
[:maincpu] ':maincpu' (026E): unmapped program memory write to 6C92 = 00 & FF
[:maincpu] ':maincpu' (026E): unmapped program memory write to 6C93 = 00 & FF
[:maincpu] ':maincpu' (026E): unmapped program memory write to 6C94 = 00 & FF
[:maincpu] ':maincpu' (026E): unmapped program memory write to 6C95 = 00 & FF
[:maincpu] ':maincpu' (026E): unmapped program memory write to 6C96 = 00 & FF
[:maincpu] ':maincpu' (026E): unmapped program memory write to 6C97 = 00 & FF
[:maincpu] ':maincpu' (026E): unmapped program memory write to 6C98 = 00 & FF
[:maincpu] ':maincpu' (026E): unmapped program memory write to 6C99 = 00 & FF
[:maincpu] ':maincpu' (026E): unmapped program memory write to 6C9A = 00 & FF
[:maincpu] ':maincpu' (026E): unmapped program memory write to 6C9B = 00 & FF
[:maincpu] ':maincpu' (026E): unmapped program memory write to 6C9C = 00 & FF
[:maincpu] ':maincpu' (026E): unmapped program memory write to 6C9D = 00 & FF
[:maincpu] ':maincpu' (026E): unmapped program memory write to 6C9E = 00 & FF
[:maincpu] ':maincpu' (026E): unmapped program memory write to 6C9F = 00 & FF
[:maincpu] ':maincpu' (026E): unmapped program memory write to 6CA0 = 00 & FF
[:maincpu] ':maincpu' (026E): unmapped program memory write to 6CA1 = 00 & FF
[:maincpu] ':maincpu' (026E): unmapped program memory write to 6CA2 = 00 & FF
[:maincpu] ':maincpu' (026E): unmapped program memory write to 6CA3 = 00 & FF
[:maincpu] ':maincpu' (026E): unmapped program memory write to 6CA4 = 00 & FF
[:maincpu] ':maincpu' (026E): unmapped program memory write to 6CA5 = 00 & FF
[:maincpu] ':maincpu' (026E): unmapped program memory write to 6CA6 = 00 & FF
[:maincpu] ':maincpu' (026E): unmapped program memory write to 6CA7 = 00 & FF
[:maincpu] ':maincpu' (026E): unmapped program memory write to 6CA8 = 00 & FF
[:maincpu] ':maincpu' (026E): unmapped program memory write to 6CA9 = 00 & FF
[:maincpu] ':maincpu' (026E): unmapped program memory write to 6CAA = 00 & FF
[:maincpu] ':maincpu' (026E): unmapped program memory write to 6CAB = 00 & FF
[:maincpu] ':maincpu' (026E): unmapped program memory write to 6CAC = 00 & FF
[:maincpu] ':maincpu' (026E): unmapped program memory write to 6CAD = 00 & FF
[:maincpu] ':maincpu' (026E): unmapped program memory write to 6CAE = 00 & FF
[:maincpu] ':maincpu' (026E): unmapped program memory write to 6CAF = 00 & FF
[:maincpu] ':maincpu' (026E): unmapped program memory write to 6CB0 = 00 & FF
[:maincpu] ':maincpu' (026E): unmapped program memory write to 6CB1 = 00 & FF
[:maincpu] ':maincpu' (026E): unmapped program memory write to 6CB2 = 00 & FF
[:maincpu] ':maincpu' (026E): unmapped program memory write to 6CB3 = 00 & FF
[:maincpu] ':maincpu' (026E): unmapped program memory write to 6CB4 = 00 & FF
[:maincpu] ':maincpu' (026E): unmapped program memory write to 6CB5 = 00 & FF
[:maincpu] ':maincpu' (026E): unmapped program memory write to 6CB6 = 00 & FF
[:maincpu] ':maincpu' (026E): unmapped program memory write to 6CB7 = 00 & FF
[:maincpu] ':maincpu' (026E): unmapped program memory write to 6CB8 = 00 & FF
[:maincpu] ':maincpu' (026E): unmapped program memory write to 6CB9 = 00 & FF
[:maincpu] ':maincpu' (026E): unmapped program memory write to 6CBA = 00 & FF
[:maincpu] ':maincpu' (026E): unmapped program memory write to 6CBB = 00 & FF
[:maincpu] ':maincpu' (026E): unmapped program memory write to 6CBC = 00 & FF
[:maincpu] ':maincpu' (026E): unmapped program memory write to 6CBD = 00 & FF
[:maincpu] ':maincpu' (026E): unmapped program memory write to 6CBE = 00 & FF
[:maincpu] ':maincpu' (026E): unmapped program memory write to 6CBF = 00 & FF
[:maincpu] ':maincpu' (026E): unmapped program memory write to 6CC0 = 00 & FF
[:maincpu] ':maincpu' (026E): unmapped program memory write to 6CC1 = 00 & FF
[:maincpu] ':maincpu' (026E): unmapped program memory write to 6CC2 = 00 & FF
[:maincpu] ':maincpu' (026E): unmapped program memory write to 6CC3 = 00 & FF
[:maincpu] ':maincpu' (026E): unmapped program memory write to 6CC4 = 00 & FF
[:maincpu] ':maincpu' (026E): unmapped program memory write to 6CC5 = 00 & FF
[:maincpu] ':maincpu' (026E): unmapped program memory write to 6CC6 = 00 & FF
[:maincpu] ':maincpu' (026E): unmapped program memory write to 6CC7 = 00 & FF
[:maincpu] ':maincpu' (026E): unmapped program memory write to 6CC8 = 00 & FF
[:maincpu] ':maincpu' (026E): unmapped program memory write to 6CC9 = 00 & FF
[:maincpu] ':maincpu' (026E): unmapped program memory write to 6CCA = 00 & FF
[:maincpu] ':maincpu' (026E): unmapped program memory write to 6CCB = 00 & FF
[:maincpu] ':maincpu' (026E): unmapped program memory write to 6CCC = 00 & FF
[:maincpu] ':maincpu' (026E): unmapped program memory write to 6CCD = 00 & FF
[:maincpu] ':maincpu' (026E): unmapped program memory write to 6CCE = 00 & FF
[:maincpu] ':maincpu' (026E): unmapped program memory write to 6CCF = 00 & FF
[:maincpu] ':maincpu' (026E): unmapped program memory write to 6CD0 = 00 & FF
[:maincpu] ':maincpu' (026E): unmapped program memory write to 6CD1 = 00 & FF
[:maincpu] ':maincpu' (026E): unmapped program memory write to 6CD2 = 00 & FF
[:maincpu] ':maincpu' (026E): unmapped program memory write to 6CD3 = 00 & FF
[:maincpu] ':maincpu' (026E): unmapped program memory write to 6CD4 = 00 & FF
[:maincpu] ':maincpu' (026E): unmapped program memory write to 6CD5 = 00 & FF
[:maincpu] ':maincpu' (026E): unmapped program memory write to 6CD6 = 00 & FF
[:maincpu] ':maincpu' (026E): unmapped program memory write to 6CD7 = 00 & FF
[:maincpu] ':maincpu' (026E): unmapped program memory write to 6CD8 = 00 & FF
[:maincpu] ':maincpu' (026E): unmapped program memory write to 6CD9 = 00 & FF
[:maincpu] ':maincpu' (026E): unmapped program memory write to 6CDA = 00 & FF
[:maincpu] ':maincpu' (026E): unmapped program memory write to 6CDB = 00 & FF
[:maincpu] ':maincpu' (026E): unmapped program memory write to 6CDC = 00 & FF
[:maincpu] ':maincpu' (026E): unmapped program memory write to 6CDD = 00 & FF
[:maincpu] ':maincpu' (026E): unmapped program memory write to 6CDE = 00 & FF
[:maincpu] ':maincpu' (026E): unmapped program memory write to 6CDF = 00 & FF
[:maincpu] ':maincpu' (026E): unmapped program memory write to 6CE0 = 00 & FF
[:maincpu] ':maincpu' (026E): unmapped program memory write to 6CE1 = 00 & FF
[:maincpu] ':maincpu' (026E): unmapped program memory write to 6CE2 = 00 & FF
[:maincpu] ':maincpu' (026E): unmapped program memory write to 6CE3 = 00 & FF
[:maincpu] ':maincpu' (026E): unmapped program memory write to 6CE4 = 00 & FF
[:maincpu] ':maincpu' (026E): unmapped program memory write to 6CE5 = 00 & FF
[:maincpu] ':maincpu' (026E): unmapped program memory write to 6CE6 = 00 & FF
[:maincpu] ':maincpu' (026E): unmapped program memory write to 6CE7 = 00 & FF
[:maincpu] ':maincpu' (026E): unmapped program memory write to 6CE8 = 00 & FF
[:maincpu] ':maincpu' (026E): unmapped program memory write to 6CE9 = 00 & FF
[:maincpu] ':maincpu' (026E): unmapped program memory write to 6CEA = 00 & FF
[:maincpu] ':maincpu' (026E): unmapped program memory write to 6CEB = 00 & FF
[:maincpu] ':maincpu' (026E): unmapped program memory write to 6CEC = 00 & FF
[:maincpu] ':maincpu' (026E): unmapped program memory write to 6CED = 00 & FF
[:maincpu] ':maincpu' (026E): unmapped program memory write to 6CEE = 00 & FF
[:maincpu] ':maincpu' (026E): unmapped program memory write to 6CEF = 00 & FF
[:maincpu] ':maincpu' (026E): unmapped program memory write to 6CF0 = 00 & FF
[:maincpu] ':maincpu' (026E): unmapped program memory write to 6CF1 = 00 & FF
[:maincpu] ':maincpu' (026E): unmapped program memory write to 6CF2 = 00 & FF
[:maincpu] ':maincpu' (026E): unmapped program memory write to 6CF3 = 00 & FF
[:maincpu] ':maincpu' (026E): unmapped program memory write to 6CF4 = 00 & FF
[:maincpu] ':maincpu' (026E): unmapped program memory write to 6CF5 = 00 & FF
[:maincpu] ':maincpu' (026E): unmapped program memory write to 6CF6 = 00 & FF
[:maincpu] ':maincpu' (026E): unmapped program memory write to 6CF7 = 00 & FF
[:maincpu] ':maincpu' (026E): unmapped program memory write to 6CF8 = 00 & FF
[:maincpu] ':maincpu' (026E): unmapped program memory write to 6CF9 = 00 & FF
[:maincpu] ':maincpu' (026E): unmapped program memory write to 6CFA = 00 & FF
[:maincpu] ':maincpu' (026E): unmapped program memory write to 6CFB = 00 & FF
[:maincpu] ':maincpu' (026E): unmapped program memory write to 6CFC = 00 & FF
[:maincpu] ':maincpu' (026E): unmapped program memory write to 6CFD = 00 & FF
[:maincpu] ':maincpu' (026E): unmapped program memory write to 6CFE = 00 & FF
[:maincpu] ':maincpu' (026E): unmapped program memory write to 6CFF = 00 & FF
[:maincpu] ':maincpu' (026E): unmapped program memory write to 6D00 = 00 & FF
[:maincpu] ':maincpu' (026E): unmapped program memory write to 6D01 = 00 & FF
[:maincpu] ':maincpu' (026E): unmapped program memory write to 6D02 = 00 & FF
[:maincpu] ':maincpu' (026E): unmapped program memory write to 6D03 = 00 & FF
[:maincpu] ':maincpu' (026E): unmapped program memory write to 6D04 = 00 & FF
[:maincpu] ':maincpu' (026E): unmapped program memory write to 6D05 = 00 & FF
[:maincpu] ':maincpu' (026E): unmapped program memory write to 6D06 = 00 & FF
[:maincpu] ':maincpu' (026E): unmapped program memory write to 6D07 = 00 & FF
[:maincpu] ':maincpu' (026E): unmapped program memory write to 6D08 = 00 & FF
[:maincpu] ':maincpu' (026E): unmapped program memory write to 6D09 = 00 & FF
[:maincpu] ':maincpu' (026E): unmapped program memory write to 6D0A = 00 & FF
[:maincpu] ':maincpu' (026E): unmapped program memory write to 6D0B = 00 & FF
[:maincpu] ':maincpu' (026E): unmapped program memory write to 6D0C = 00 & FF
[:maincpu] ':maincpu' (026E): unmapped program memory write to 6D0D = 00 & FF
[:maincpu] ':maincpu' (026E): unmapped program memory write to 6D0E = 00 & FF
[:maincpu] ':maincpu' (026E): unmapped program memory write to 6D0F = 00 & FF
[:maincpu] ':maincpu' (026E): unmapped program memory write to 6D10 = 00 & FF
[:maincpu] ':maincpu' (026E): unmapped program memory write to 6D11 = 00 & FF
[:maincpu] ':maincpu' (026E): unmapped program memory write to 6D12 = 00 & FF
[:maincpu] ':maincpu' (026E): unmapped program memory write to 6D13 = 00 & FF
[:maincpu] ':maincpu' (026E): unmapped program memory write to 6D14 = 00 & FF
[:maincpu] ':maincpu' (026E): unmapped program memory write to 6D15 = 00 & FF
[:maincpu] ':maincpu' (026E): unmapped program memory write to 6D16 = 00 & FF
[:maincpu] ':maincpu' (026E): unmapped program memory write to 6D17 = 00 & FF
[:maincpu] ':maincpu' (026E): unmapped program memory write to 6D18 = 00 & FF
[:maincpu] ':maincpu' (026E): unmapped program memory write to 6D19 = 00 & FF
[:maincpu] ':maincpu' (026E): unmapped program memory write to 6D1A = 00 & FF
[:maincpu] ':maincpu' (026E): unmapped program memory write to 6D1B = 00 & FF
[:maincpu] ':maincpu' (026E): unmapped program memory write to 6D1C = 00 & FF
[:maincpu] ':maincpu' (026E): unmapped program memory write to 6D1D = 00 & FF
[:maincpu] ':maincpu' (026E): unmapped program memory write to 6D1E = 00 & FF
[:maincpu] ':maincpu' (026E): unmapped program memory write to 6D1F = 00 & FF
[:maincpu] ':maincpu' (026E): unmapped program memory write to 6D20 = 00 & FF
[:maincpu] ':maincpu' (026E): unmapped program memory write to 6D21 = 00 & FF
[:maincpu] ':maincpu' (026E): unmapped program memory write to 6D22 = 00 & FF
[:maincpu] ':maincpu' (026E): unmapped program memory write to 6D23 = 00 & FF
[:maincpu] ':maincpu' (026E): unmapped program memory write to 6D24 = 00 & FF
[:maincpu] ':maincpu' (026E): unmapped program memory write to 6D25 = 00 & FF
[:maincpu] ':maincpu' (026E): unmapped program memory write to 6D26 = 00 & FF
[:maincpu] ':maincpu' (026E): unmapped program memory write to 6D27 = 00 & FF
[:maincpu] ':maincpu' (026E): unmapped program memory write to 6D28 = 00 & FF
[:maincpu] ':maincpu' (026E): unmapped program memory write to 6D29 = 00 & FF
[:maincpu] ':maincpu' (026E): unmapped program memory write to 6D2A = 00 & FF
[:maincpu] ':maincpu' (026E): unmapped program memory write to 6D2B = 00 & FF
[:maincpu] ':maincpu' (026E): unmapped program memory write to 6D2C = 00 & FF
[:maincpu] ':maincpu' (026E): unmapped program memory write to 6D2D = 00 & FF
[:maincpu] ':maincpu' (026E): unmapped program memory write to 6D2E = 00 & FF
[:maincpu] ':maincpu' (026E): unmapped program memory write to 6D2F = 00 & FF
[:maincpu] ':maincpu' (026E): unmapped program memory write to 6D30 = 00 & FF
[:maincpu] ':maincpu' (026E): unmapped program memory write to 6D31 = 00 & FF
[:maincpu] ':maincpu' (026E): unmapped program memory write to 6D32 = 00 & FF
[:maincpu] ':maincpu' (026E): unmapped program memory write to 6D33 = 00 & FF
[:maincpu] ':maincpu' (026E): unmapped program memory write to 6D34 = 00 & FF
[:maincpu] ':maincpu' (026E): unmapped program memory write to 6D35 = 00 & FF
[:maincpu] ':maincpu' (026E): unmapped program memory write to 6D36 = 00 & FF
[:maincpu] ':maincpu' (026E): unmapped program memory write to 6D37 = 00 & FF
[:maincpu] ':maincpu' (026E): unmapped program memory write to 6D38 = 00 & FF
[:maincpu] ':maincpu' (026E): unmapped program memory write to 6D39 = 00 & FF
[:maincpu] ':maincpu' (026E): unmapped program memory write to 6D3A = 00 & FF
[:maincpu] ':maincpu' (026E): unmapped program memory write to 6D3B = 00 & FF
[:maincpu] ':maincpu' (026E): unmapped program memory write to 6D3C = 00 & FF
[:maincpu] ':maincpu' (026E): unmapped program memory write to 6D3D = 00 & FF
[:maincpu] ':maincpu' (026E): unmapped program memory write to 6D3E = 00 & FF
[:maincpu] ':maincpu' (026E): unmapped program memory write to 6D3F = 00 & FF
[:maincpu] ':maincpu' (026E): unmapped program memory write to 6D40 = 00 & FF
[:maincpu] ':maincpu' (026E): unmapped program memory write to 6D41 = 00 & FF
[:maincpu] ':maincpu' (026E): unmapped program memory write to 6D42 = 00 & FF
[:maincpu] ':maincpu' (026E): unmapped program memory write to 6D43 = 00 & FF
[:maincpu] ':maincpu' (026E): unmapped program memory write to 6D44 = 00 & FF
[:maincpu] ':maincpu' (026E): unmapped program memory write to 6D45 = 00 & FF
[:maincpu] ':maincpu' (026E): unmapped program memory write to 6D46 = 00 & FF
[:maincpu] ':maincpu' (026E): unmapped program memory write to 6D47 = 00 & FF
[:maincpu] ':maincpu' (026E): unmapped program memory write to 6D48 = 00 & FF
[:maincpu] ':maincpu' (026E): unmapped program memory write to 6D49 = 00 & FF
[:maincpu] ':maincpu' (026E): unmapped program memory write to 6D4A = 00 & FF
[:maincpu] ':maincpu' (026E): unmapped program memory write to 6D4B = 00 & FF
[:maincpu] ':maincpu' (026E): unmapped program memory write to 6D4C = 00 & FF
[:maincpu] ':maincpu' (026E): unmapped program memory write to 6D4D = 00 & FF
[:maincpu] ':maincpu' (026E): unmapped program memory write to 6D4E = 00 & FF
[:maincpu] ':maincpu' (026E): unmapped program memory write to 6D4F = 00 & FF
[:maincpu] ':maincpu' (026E): unmapped program memory write to 6D50 = 00 & FF
[:maincpu] ':maincpu' (026E): unmapped program memory write to 6D51 = 00 & FF
[:maincpu] ':maincpu' (026E): unmapped program memory write to 6D52 = 00 & FF
[:maincpu] ':maincpu' (026E): unmapped program memory write to 6D53 = 00 & FF
[:maincpu] ':maincpu' (026E): unmapped program memory write to 6D54 = 00 & FF
[:maincpu] ':maincpu' (026E): unmapped program memory write to 6D55 = 00 & FF
[:maincpu] ':maincpu' (026E): unmapped program memory write to 6D56 = 00 & FF
[:maincpu] ':maincpu' (026E): unmapped program memory write to 6D57 = 00 & FF
[:maincpu] ':maincpu' (026E): unmapped program memory write to 6D58 = 00 & FF
[:maincpu] ':maincpu' (026E): unmapped program memory write to 6D59 = 00 & FF
[:maincpu] ':maincpu' (026E): unmapped program memory write to 6D5A = 00 & FF
[:maincpu] ':maincpu' (026E): unmapped program memory write to 6D5B = 00 & FF
[:maincpu] ':maincpu' (026E): unmapped program memory write to 6D5C = 00 & FF
[:maincpu] ':maincpu' (026E): unmapped program memory write to 6D5D = 00 & FF
[:maincpu] ':maincpu' (026E): unmapped program memory write to 6D5E = 00 & FF
[:maincpu] ':maincpu' (026E): unmapped program memory write to 6D5F = 00 & FF
[:maincpu] ':maincpu' (026E): unmapped program memory write to 6D60 = 00 & FF
[:maincpu] ':maincpu' (026E): unmapped program memory write to 6D61 = 00 & FF
[:maincpu] ':maincpu' (026E): unmapped program memory write to 6D62 = 00 & FF
[:maincpu] ':maincpu' (026E): unmapped program memory write to 6D63 = 00 & FF
[:maincpu] ':maincpu' (026E): unmapped program memory write to 6D64 = 00 & FF
[:maincpu] ':maincpu' (026E): unmapped program memory write to 6D65 = 00 & FF
[:maincpu] ':maincpu' (026E): unmapped program memory write to 6D66 = 00 & FF
[:maincpu] ':maincpu' (026E): unmapped program memory write to 6D67 = 00 & FF
[:maincpu] ':maincpu' (026E): unmapped program memory write to 6D68 = 00 & FF
[:maincpu] ':maincpu' (026E): unmapped program memory write to 6D69 = 00 & FF
[:maincpu] ':maincpu' (026E): unmapped program memory write to 6D6A = 00 & FF
[:maincpu] ':maincpu' (026E): unmapped program memory write to 6D6B = 00 & FF
[:maincpu] ':maincpu' (026E): unmapped program memory write to 6D6C = 00 & FF
[:maincpu] ':maincpu' (026E): unmapped program memory write to 6D6D = 00 & FF
[:maincpu] ':maincpu' (026E): unmapped program memory write to 6D6E = 00 & FF
[:maincpu] ':maincpu' (026E): unmapped program memory write to 6D6F = 00 & FF
[:maincpu] ':maincpu' (026E): unmapped program memory write to 6D70 = 00 & FF
[:maincpu] ':maincpu' (026E): unmapped program memory write to 6D71 = 00 & FF
[:maincpu] ':maincpu' (026E): unmapped program memory write to 6D72 = 00 & FF
[:maincpu] ':maincpu' (026E): unmapped program memory write to 6D73 = 00 & FF
[:maincpu] ':maincpu' (026E): unmapped program memory write to 6D74 = 00 & FF
[:maincpu] ':maincpu' (026E): unmapped program memory write to 6D75 = 00 & FF
[:maincpu] ':maincpu' (026E): unmapped program memory write to 6D76 = 00 & FF
[:maincpu] ':maincpu' (026E): unmapped program memory write to 6D77 = 00 & FF
[:maincpu] ':maincpu' (026E): unmapped program memory write to 6D78 = 00 & FF
[:maincpu] ':maincpu' (026E): unmapped program memory write to 6D79 = 00 & FF
[:maincpu] ':maincpu' (026E): unmapped program memory write to 6D7A = 00 & FF
[:maincpu] ':maincpu' (026E): unmapped program memory write to 6D7B = 00 & FF
[:maincpu] ':maincpu' (026E): unmapped program memory write to 6D7C = 00 & FF
[:maincpu] ':maincpu' (026E): unmapped program memory write to 6D7D = 00 & FF
[:maincpu] ':maincpu' (026E): unmapped program memory write to 6D7E = 00 & FF
[:maincpu] ':maincpu' (026E): unmapped program memory write to 6D7F = 00 & FF
[:maincpu] ':maincpu' (026E): unmapped program memory write to 6D80 = 00 & FF
[:maincpu] ':maincpu' (026E): unmapped program memory write to 6D81 = 00 & FF
[:maincpu] ':maincpu' (026E): unmapped program memory write to 6D82 = 00 & FF
[:maincpu] ':maincpu' (026E): unmapped program memory write to 6D83 = 00 & FF
[:maincpu] ':maincpu' (026E): unmapped program memory write to 6D84 = 00 & FF
[:maincpu] ':maincpu' (026E): unmapped program memory write to 6D85 = 00 & FF
[:maincpu] ':maincpu' (026E): unmapped program memory write to 6D86 = 00 & FF
[:maincpu] ':maincpu' (026E): unmapped program memory write to 6D87 = 00 & FF
[:maincpu] ':maincpu' (026E): unmapped program memory write to 6D88 = 00 & FF
[:maincpu] ':maincpu' (026E): unmapped program memory write to 6D89 = 00 & FF
[:maincpu] ':maincpu' (026E): unmapped program memory write to 6D8A = 00 & FF
[:maincpu] ':maincpu' (026E): unmapped program memory write to 6D8B = 00 & FF
[:maincpu] ':maincpu' (026E): unmapped program memory write to 6D8C = 00 & FF
[:maincpu] ':maincpu' (026E): unmapped program memory write to 6D8D = 00 & FF
[:maincpu] ':maincpu' (026E): unmapped program memory write to 6D8E = 00 & FF
[:maincpu] ':maincpu' (026E): unmapped program memory write to 6D8F = 00 & FF
[:maincpu] ':maincpu' (026E): unmapped program memory write to 6D90 = 00 & FF
[:maincpu] ':maincpu' (026E): unmapped program memory write to 6D91 = 00 & FF
[:maincpu] ':maincpu' (026E): unmapped program memory write to 6D92 = 00 & FF
[:maincpu] ':maincpu' (026E): unmapped program memory write to 6D93 = 00 & FF
[:maincpu] ':maincpu' (026E): unmapped program memory write to 6D94 = 00 & FF
[:maincpu] ':maincpu' (026E): unmapped program memory write to 6D95 = 00 & FF
[:maincpu] ':maincpu' (026E): unmapped program memory write to 6D96 = 00 & FF
[:maincpu] ':maincpu' (026E): unmapped program memory write to 6D97 = 00 & FF
[:maincpu] ':maincpu' (026E): unmapped program memory write to 6D98 = 00 & FF
[:maincpu] ':maincpu' (026E): unmapped program memory write to 6D99 = 00 & FF
[:maincpu] ':maincpu' (026E): unmapped program memory write to 6D9A = 00 & FF
[:maincpu] ':maincpu' (026E): unmapped program memory write to 6D9B = 00 & FF
[:maincpu] ':maincpu' (026E): unmapped program memory write to 6D9C = 00 & FF
[:maincpu] ':maincpu' (026E): unmapped program memory write to 6D9D = 00 & FF
[:maincpu] ':maincpu' (026E): unmapped program memory write to 6D9E = 00 & FF
[:maincpu] ':maincpu' (026E): unmapped program memory write to 6D9F = 00 & FF
[:maincpu] ':maincpu' (026E): unmapped program memory write to 6DA0 = 00 & FF
[:maincpu] ':maincpu' (026E): unmapped program memory write to 6DA1 = 00 & FF
[:maincpu] ':maincpu' (026E): unmapped program memory write to 6DA2 = 00 & FF
[:maincpu] ':maincpu' (026E): unmapped program memory write to 6DA3 = 00 & FF
[:maincpu] ':maincpu' (026E): unmapped program memory write to 6DA4 = 00 & FF
[:maincpu] ':maincpu' (026E): unmapped program memory write to 6DA5 = 00 & FF
[:maincpu] ':maincpu' (026E): unmapped program memory write to 6DA6 = 00 & FF
[:maincpu] ':maincpu' (026E): unmapped program memory write to 6DA7 = 00 & FF
[:maincpu] ':maincpu' (026E): unmapped program memory write to 6DA8 = 00 & FF
[:maincpu] ':maincpu' (026E): unmapped program memory write to 6DA9 = 00 & FF
[:maincpu] ':maincpu' (026E): unmapped program memory write to 6DAA = 00 & FF
[:maincpu] ':maincpu' (026E): unmapped program memory write to 6DAB = 00 & FF
[:maincpu] ':maincpu' (026E): unmapped program memory write to 6DAC = 00 & FF
[:maincpu] ':maincpu' (026E): unmapped program memory write to 6DAD = 00 & FF
[:maincpu] ':maincpu' (026E): unmapped program memory write to 6DAE = 00 & FF
[:maincpu] ':maincpu' (026E): unmapped program memory write to 6DAF = 00 & FF
[:maincpu] ':maincpu' (026E): unmapped program memory write to 6DB0 = 00 & FF
[:maincpu] ':maincpu' (026E): unmapped program memory write to 6DB1 = 00 & FF
[:maincpu] ':maincpu' (026E): unmapped program memory write to 6DB2 = 00 & FF
[:maincpu] ':maincpu' (026E): unmapped program memory write to 6DB3 = 00 & FF
[:maincpu] ':maincpu' (026E): unmapped program memory write to 6DB4 = 00 & FF
[:maincpu] ':maincpu' (026E): unmapped program memory write to 6DB5 = 00 & FF
[:maincpu] ':maincpu' (026E): unmapped program memory write to 6DB6 = 00 & FF
[:maincpu] ':maincpu' (026E): unmapped program memory write to 6DB7 = 00 & FF
[:maincpu] ':maincpu' (026E): unmapped program memory write to 6DB8 = 00 & FF
[:maincpu] ':maincpu' (026E): unmapped program memory write to 6DB9 = 00 & FF
[:maincpu] ':maincpu' (026E): unmapped program memory write to 6DBA = 00 & FF
[:maincpu] ':maincpu' (026E): unmapped program memory write to 6DBB = 00 & FF
[:maincpu] ':maincpu' (026E): unmapped program memory write to 6DBC = 00 & FF
[:maincpu] ':maincpu' (026E): unmapped program memory write to 6DBD = 00 & FF
[:maincpu] ':maincpu' (026E): unmapped program memory write to 6DBE = 00 & FF
[:maincpu] ':maincpu' (026E): unmapped program memory write to 6DBF = 00 & FF
[:maincpu] ':maincpu' (026E): unmapped program memory write to 6DC0 = 00 & FF
[:maincpu] ':maincpu' (026E): unmapped program memory write to 6DC1 = 00 & FF
[:maincpu] ':maincpu' (026E): unmapped program memory write to 6DC2 = 00 & FF
[:maincpu] ':maincpu' (026E): unmapped program memory write to 6DC3 = 00 & FF
[:maincpu] ':maincpu' (026E): unmapped program memory write to 6DC4 = 00 & FF
[:maincpu] ':maincpu' (026E): unmapped program memory write to 6DC5 = 00 & FF
[:maincpu] ':maincpu' (026E): unmapped program memory write to 6DC6 = 00 & FF
[:maincpu] ':maincpu' (026E): unmapped program memory write to 6DC7 = 00 & FF
[:maincpu] ':maincpu' (026E): unmapped program memory write to 6DC8 = 00 & FF
[:maincpu] ':maincpu' (026E): unmapped program memory write to 6DC9 = 00 & FF
[:maincpu] ':maincpu' (026E): unmapped program memory write to 6DCA = 00 & FF
[:maincpu] ':maincpu' (026E): unmapped program memory write to 6DCB = 00 & FF
[:maincpu] ':maincpu' (026E): unmapped program memory write to 6DCC = 00 & FF
[:maincpu] ':maincpu' (026E): unmapped program memory write to 6DCD = 00 & FF
[:maincpu] ':maincpu' (026E): unmapped program memory write to 6DCE = 00 & FF
[:maincpu] ':maincpu' (026E): unmapped program memory write to 6DCF = 00 & FF
[:maincpu] ':maincpu' (026E): unmapped program memory write to 6DD0 = 00 & FF
[:maincpu] ':maincpu' (026E): unmapped program memory write to 6DD1 = 00 & FF
[:maincpu] ':maincpu' (026E): unmapped program memory write to 6DD2 = 00 & FF
[:maincpu] ':maincpu' (026E): unmapped program memory write to 6DD3 = 00 & FF
[:maincpu] ':maincpu' (026E): unmapped program memory write to 6DD4 = 00 & FF
[:maincpu] ':maincpu' (026E): unmapped program memory write to 6DD5 = 00 & FF
[:maincpu] ':maincpu' (026E): unmapped program memory write to 6DD6 = 00 & FF
[:maincpu] ':maincpu' (026E): unmapped program memory write to 6DD7 = 00 & FF
[:maincpu] ':maincpu' (026E): unmapped program memory write to 6DD8 = 00 & FF
[:maincpu] ':maincpu' (026E): unmapped program memory write to 6DD9 = 00 & FF
[:maincpu] ':maincpu' (026E): unmapped program memory write to 6DDA = 00 & FF
[:maincpu] ':maincpu' (026E): unmapped program memory write to 6DDB = 00 & FF
[:maincpu] ':maincpu' (026E): unmapped program memory write to 6DDC = 00 & FF
[:maincpu] ':maincpu' (026E): unmapped program memory write to 6DDD = 00 & FF
[:maincpu] ':maincpu' (026E): unmapped program memory write to 6DDE = 00 & FF
[:maincpu] ':maincpu' (026E): unmapped program memory write to 6DDF = 00 & FF
[:maincpu] ':maincpu' (026E): unmapped program memory write to 6DE0 = 00 & FF
[:maincpu] ':maincpu' (026E): unmapped program memory write to 6DE1 = 00 & FF
[:maincpu] ':maincpu' (026E): unmapped program memory write to 6DE2 = 00 & FF
[:maincpu] ':maincpu' (026E): unmapped program memory write to 6DE3 = 00 & FF
[:maincpu] ':maincpu' (026E): unmapped program memory write to 6DE4 = 00 & FF
[:maincpu] ':maincpu' (026E): unmapped program memory write to 6DE5 = 00 & FF
[:maincpu] ':maincpu' (026E): unmapped program memory write to 6DE6 = 00 & FF
[:maincpu] ':maincpu' (026E): unmapped program memory write to 6DE7 = 00 & FF
[:maincpu] ':maincpu' (026E): unmapped program memory write to 6DE8 = 00 & FF
[:maincpu] ':maincpu' (026E): unmapped program memory write to 6DE9 = 00 & FF
[:maincpu] ':maincpu' (026E): unmapped program memory write to 6DEA = 00 & FF
[:maincpu] ':maincpu' (026E): unmapped program memory write to 6DEB = 00 & FF
[:maincpu] ':maincpu' (026E): unmapped program memory write to 6DEC = 00 & FF
[:maincpu] ':maincpu' (026E): unmapped program memory write to 6DED = 00 & FF
[:maincpu] ':maincpu' (026E): unmapped program memory write to 6DEE = 00 & FF
[:maincpu] ':maincpu' (026E): unmapped program memory write to 6DEF = 00 & FF
[:maincpu] ':maincpu' (026E): unmapped program memory write to 6DF0 = 00 & FF
[:maincpu] ':maincpu' (026E): unmapped program memory write to 6DF1 = 00 & FF
[:maincpu] ':maincpu' (026E): unmapped program memory write to 6DF2 = 00 & FF
[:maincpu] ':maincpu' (026E): unmapped program memory write to 6DF3 = 00 & FF
[:maincpu] ':maincpu' (026E): unmapped program memory write to 6DF4 = 00 & FF
[:maincpu] ':maincpu' (026E): unmapped program memory write to 6DF5 = 00 & FF
[:maincpu] ':maincpu' (026E): unmapped program memory write to 6DF6 = 00 & FF
[:maincpu] ':maincpu' (026E): unmapped program memory write to 6DF7 = 00 & FF
[:maincpu] ':maincpu' (026E): unmapped program memory write to 6DF8 = 00 & FF
[:maincpu] ':maincpu' (026E): unmapped program memory write to 6DF9 = 00 & FF
[:maincpu] ':maincpu' (026E): unmapped program memory write to 6DFA = 00 & FF
[:maincpu] ':maincpu' (026E): unmapped program memory write to 6DFB = 00 & FF
[:maincpu] ':maincpu' (026E): unmapped program memory write to 6DFC = 00 & FF
[:maincpu] ':maincpu' (026E): unmapped program memory write to 6DFD = 00 & FF
[:maincpu] ':maincpu' (026E): unmapped program memory write to 6DFE = 00 & FF
[:maincpu] ':maincpu' (026E): unmapped program memory write to 6DFF = 00 & FF
[:maincpu] ':maincpu' (026E): unmapped program memory write to 6E00 = 00 & FF
[:maincpu] ':maincpu' (026E): unmapped program memory write to 6E01 = 00 & FF
[:maincpu] ':maincpu' (026E): unmapped program memory write to 6E02 = 00 & FF
[:maincpu] ':maincpu' (026E): unmapped program memory write to 6E03 = 00 & FF
[:maincpu] ':maincpu' (026E): unmapped program memory write to 6E04 = 00 & FF
[:maincpu] ':maincpu' (026E): unmapped program memory write to 6E05 = 00 & FF
[:maincpu] ':maincpu' (026E): unmapped program memory write to 6E06 = 00 & FF
[:maincpu] ':maincpu' (026E): unmapped program memory write to 6E07 = 00 & FF
[:maincpu] ':maincpu' (026E): unmapped program memory write to 6E08 = 00 & FF
[:maincpu] ':maincpu' (026E): unmapped program memory write to 6E09 = 00 & FF
[:maincpu] ':maincpu' (026E): unmapped program memory write to 6E0A = 00 & FF
[:maincpu] ':maincpu' (026E): unmapped program memory write to 6E0B = 00 & FF
[:maincpu] ':maincpu' (026E): unmapped program memory write to 6E0C = 00 & FF
[:maincpu] ':maincpu' (026E): unmapped program memory write to 6E0D = 00 & FF
[:maincpu] ':maincpu' (026E): unmapped program memory write to 6E0E = 00 & FF
[:maincpu] ':maincpu' (026E): unmapped program memory write to 6E0F = 00 & FF
[:maincpu] ':maincpu' (026E): unmapped program memory write to 6E10 = 00 & FF
[:maincpu] ':maincpu' (026E): unmapped program memory write to 6E11 = 00 & FF
[:maincpu] ':maincpu' (026E): unmapped program memory write to 6E12 = 00 & FF
[:maincpu] ':maincpu' (026E): unmapped program memory write to 6E13 = 00 & FF
[:maincpu] ':maincpu' (026E): unmapped program memory write to 6E14 = 00 & FF
[:maincpu] ':maincpu' (026E): unmapped program memory write to 6E15 = 00 & FF
[:maincpu] ':maincpu' (026E): unmapped program memory write to 6E16 = 00 & FF
[:maincpu] ':maincpu' (026E): unmapped program memory write to 6E17 = 00 & FF
[:maincpu] ':maincpu' (026E): unmapped program memory write to 6E18 = 00 & FF
[:maincpu] ':maincpu' (026E): unmapped program memory write to 6E19 = 00 & FF
[:maincpu] ':maincpu' (026E): unmapped program memory write to 6E1A = 00 & FF
[:maincpu] ':maincpu' (026E): unmapped program memory write to 6E1B = 00 & FF
[:maincpu] ':maincpu' (026E): unmapped program memory write to 6E1C = 00 & FF
[:maincpu] ':maincpu' (026E): unmapped program memory write to 6E1D = 00 & FF
[:maincpu] ':maincpu' (026E): unmapped program memory write to 6E1E = 00 & FF
[:maincpu] ':maincpu' (026E): unmapped program memory write to 6E1F = 00 & FF
[:maincpu] ':maincpu' (026E): unmapped program memory write to 6E20 = 00 & FF
[:maincpu] ':maincpu' (026E): unmapped program memory write to 6E21 = 00 & FF
[:maincpu] ':maincpu' (026E): unmapped program memory write to 6E22 = 00 & FF
[:maincpu] ':maincpu' (026E): unmapped program memory write to 6E23 = 00 & FF
[:maincpu] ':maincpu' (026E): unmapped program memory write to 6E24 = 00 & FF
[:maincpu] ':maincpu' (026E): unmapped program memory write to 6E25 = 00 & FF
[:maincpu] ':maincpu' (026E): unmapped program memory write to 6E26 = 00 & FF
[:maincpu] ':maincpu' (026E): unmapped program memory write to 6E27 = 00 & FF
[:maincpu] ':maincpu' (026E): unmapped program memory write to 6E28 = 00 & FF
[:maincpu] ':maincpu' (026E): unmapped program memory write to 6E29 = 00 & FF
[:maincpu] ':maincpu' (026E): unmapped program memory write to 6E2A = 00 & FF
[:maincpu] ':maincpu' (026E): unmapped program memory write to 6E2B = 00 & FF
[:maincpu] ':maincpu' (026E): unmapped program memory write to 6E2C = 00 & FF
[:maincpu] ':maincpu' (026E): unmapped program memory write to 6E2D = 00 & FF
[:maincpu] ':maincpu' (026E): unmapped program memory write to 6E2E = 00 & FF
[:maincpu] ':maincpu' (026E): unmapped program memory write to 6E2F = 00 & FF
[:maincpu] ':maincpu' (026E): unmapped program memory write to 6E30 = 00 & FF
[:maincpu] ':maincpu' (026E): unmapped program memory write to 6E31 = 00 & FF
[:maincpu] ':maincpu' (026E): unmapped program memory write to 6E32 = 00 & FF
[:maincpu] ':maincpu' (026E): unmapped program memory write to 6E33 = 00 & FF
[:maincpu] ':maincpu' (026E): unmapped program memory write to 6E34 = 00 & FF
[:maincpu] ':maincpu' (026E): unmapped program memory write to 6E35 = 00 & FF
[:maincpu] ':maincpu' (026E): unmapped program memory write to 6E36 = 00 & FF
[:maincpu] ':maincpu' (026E): unmapped program memory write to 6E37 = 00 & FF
[:maincpu] ':maincpu' (026E): unmapped program memory write to 6E38 = 00 & FF
[:maincpu] ':maincpu' (026E): unmapped program memory write to 6E39 = 00 & FF
[:maincpu] ':maincpu' (026E): unmapped program memory write to 6E3A = 00 & FF
[:maincpu] ':maincpu' (026E): unmapped program memory write to 6E3B = 00 & FF
[:maincpu] ':maincpu' (026E): unmapped program memory write to 6E3C = 00 & FF
[:maincpu] ':maincpu' (026E): unmapped program memory write to 6E3D = 00 & FF
[:maincpu] ':maincpu' (026E): unmapped program memory write to 6E3E = 00 & FF
[:maincpu] ':maincpu' (026E): unmapped program memory write to 6E3F = 00 & FF
[:maincpu] ':maincpu' (026E): unmapped program memory write to 6E40 = 00 & FF
[:maincpu] ':maincpu' (026E): unmapped program memory write to 6E41 = 00 & FF
[:maincpu] ':maincpu' (026E): unmapped program memory write to 6E42 = 00 & FF
[:maincpu] ':maincpu' (026E): unmapped program memory write to 6E43 = 00 & FF
[:maincpu] ':maincpu' (026E): unmapped program memory write to 6E44 = 00 & FF
[:maincpu] ':maincpu' (026E): unmapped program memory write to 6E45 = 00 & FF
[:maincpu] ':maincpu' (026E): unmapped program memory write to 6E46 = 00 & FF
[:maincpu] ':maincpu' (026E): unmapped program memory write to 6E47 = 00 & FF
[:maincpu] ':maincpu' (026E): unmapped program memory write to 6E48 = 00 & FF
[:maincpu] ':maincpu' (026E): unmapped program memory write to 6E49 = 00 & FF
[:maincpu] ':maincpu' (026E): unmapped program memory write to 6E4A = 00 & FF
[:maincpu] ':maincpu' (026E): unmapped program memory write to 6E4B = 00 & FF
[:maincpu] ':maincpu' (026E): unmapped program memory write to 6E4C = 00 & FF
[:maincpu] ':maincpu' (026E): unmapped program memory write to 6E4D = 00 & FF
[:maincpu] ':maincpu' (026E): unmapped program memory write to 6E4E = 00 & FF
[:maincpu] ':maincpu' (026E): unmapped program memory write to 6E4F = 00 & FF
[:maincpu] ':maincpu' (026E): unmapped program memory write to 6E50 = 00 & FF
[:maincpu] ':maincpu' (026E): unmapped program memory write to 6E51 = 00 & FF
[:maincpu] ':maincpu' (026E): unmapped program memory write to 6E52 = 00 & FF
[:maincpu] ':maincpu' (026E): unmapped program memory write to 6E53 = 00 & FF
[:maincpu] ':maincpu' (026E): unmapped program memory write to 6E54 = 00 & FF
[:maincpu] ':maincpu' (026E): unmapped program memory write to 6E55 = 00 & FF
[:maincpu] ':maincpu' (026E): unmapped program memory write to 6E56 = 00 & FF
[:maincpu] ':maincpu' (026E): unmapped program memory write to 6E57 = 00 & FF
[:maincpu] ':maincpu' (026E): unmapped program memory write to 6E58 = 00 & FF
[:maincpu] ':maincpu' (026E): unmapped program memory write to 6E59 = 00 & FF
[:maincpu] ':maincpu' (026E): unmapped program memory write to 6E5A = 00 & FF
[:maincpu] ':maincpu' (026E): unmapped program memory write to 6E5B = 00 & FF
[:maincpu] ':maincpu' (026E): unmapped program memory write to 6E5C = 00 & FF
[:maincpu] ':maincpu' (026E): unmapped program memory write to 6E5D = 00 & FF
[:maincpu] ':maincpu' (026E): unmapped program memory write to 6E5E = 00 & FF
[:maincpu] ':maincpu' (026E): unmapped program memory write to 6E5F = 00 & FF
[:maincpu] ':maincpu' (026E): unmapped program memory write to 6E60 = 00 & FF
[:maincpu] ':maincpu' (026E): unmapped program memory write to 6E61 = 00 & FF
[:maincpu] ':maincpu' (026E): unmapped program memory write to 6E62 = 00 & FF
[:maincpu] ':maincpu' (026E): unmapped program memory write to 6E63 = 00 & FF
[:maincpu] ':maincpu' (026E): unmapped program memory write to 6E64 = 00 & FF
[:maincpu] ':maincpu' (026E): unmapped program memory write to 6E65 = 00 & FF
[:maincpu] ':maincpu' (026E): unmapped program memory write to 6E66 = 00 & FF
[:maincpu] ':maincpu' (026E): unmapped program memory write to 6E67 = 00 & FF
[:maincpu] ':maincpu' (026E): unmapped program memory write to 6E68 = 00 & FF
[:maincpu] ':maincpu' (026E): unmapped program memory write to 6E69 = 00 & FF
[:maincpu] ':maincpu' (026E): unmapped program memory write to 6E6A = 00 & FF
[:maincpu] ':maincpu' (026E): unmapped program memory write to 6E6B = 00 & FF
[:maincpu] ':maincpu' (026E): unmapped program memory write to 6E6C = 00 & FF
[:maincpu] ':maincpu' (026E): unmapped program memory write to 6E6D = 00 & FF
[:maincpu] ':maincpu' (026E): unmapped program memory write to 6E6E = 00 & FF
[:maincpu] ':maincpu' (026E): unmapped program memory write to 6E6F = 00 & FF
[:maincpu] ':maincpu' (026E): unmapped program memory write to 6E70 = 00 & FF
[:maincpu] ':maincpu' (026E): unmapped program memory write to 6E71 = 00 & FF
[:maincpu] ':maincpu' (026E): unmapped program memory write to 6E72 = 00 & FF
[:maincpu] ':maincpu' (026E): unmapped program memory write to 6E73 = 00 & FF
[:maincpu] ':maincpu' (026E): unmapped program memory write to 6E74 = 00 & FF
[:maincpu] ':maincpu' (026E): unmapped program memory write to 6E75 = 00 & FF
[:maincpu] ':maincpu' (026E): unmapped program memory write to 6E76 = 00 & FF
[:maincpu] ':maincpu' (026E): unmapped program memory write to 6E77 = 00 & FF
[:maincpu] ':maincpu' (026E): unmapped program memory write to 6E78 = 00 & FF
[:maincpu] ':maincpu' (026E): unmapped program memory write to 6E79 = 00 & FF
[:maincpu] ':maincpu' (026E): unmapped program memory write to 6E7A = 00 & FF
[:maincpu] ':maincpu' (026E): unmapped program memory write to 6E7B = 00 & FF
[:maincpu] ':maincpu' (026E): unmapped program memory write to 6E7C = 00 & FF
[:maincpu] ':maincpu' (026E): unmapped program memory write to 6E7D = 00 & FF
[:maincpu] ':maincpu' (026E): unmapped program memory write to 6E7E = 00 & FF
[:maincpu] ':maincpu' (026E): unmapped program memory write to 6E7F = 00 & FF
[:maincpu] ':maincpu' (026E): unmapped program memory write to 6E80 = 00 & FF
[:maincpu] ':maincpu' (026E): unmapped program memory write to 6E81 = 00 & FF
[:maincpu] ':maincpu' (026E): unmapped program memory write to 6E82 = 00 & FF
[:maincpu] ':maincpu' (026E): unmapped program memory write to 6E83 = 00 & FF
[:maincpu] ':maincpu' (026E): unmapped program memory write to 6E84 = 00 & FF
[:maincpu] ':maincpu' (026E): unmapped program memory write to 6E85 = 00 & FF
[:maincpu] ':maincpu' (026E): unmapped program memory write to 6E86 = 00 & FF
[:maincpu] ':maincpu' (026E): unmapped program memory write to 6E87 = 00 & FF
[:maincpu] ':maincpu' (026E): unmapped program memory write to 6E88 = 00 & FF
[:maincpu] ':maincpu' (026E): unmapped program memory write to 6E89 = 00 & FF
[:maincpu] ':maincpu' (026E): unmapped program memory write to 6E8A = 00 & FF
[:maincpu] ':maincpu' (026E): unmapped program memory write to 6E8B = 00 & FF
[:maincpu] ':maincpu' (026E): unmapped program memory write to 6E8C = 00 & FF
[:maincpu] ':maincpu' (026E): unmapped program memory write to 6E8D = 00 & FF
[:maincpu] ':maincpu' (026E): unmapped program memory write to 6E8E = 00 & FF
[:maincpu] ':maincpu' (026E): unmapped program memory write to 6E8F = 00 & FF
[:maincpu] ':maincpu' (026E): unmapped program memory write to 6E90 = 00 & FF
[:maincpu] ':maincpu' (026E): unmapped program memory write to 6E91 = 00 & FF
[:maincpu] ':maincpu' (026E): unmapped program memory write to 6E92 = 00 & FF
[:maincpu] ':maincpu' (026E): unmapped program memory write to 6E93 = 00 & FF
[:maincpu] ':maincpu' (026E): unmapped program memory write to 6E94 = 00 & FF
[:maincpu] ':maincpu' (026E): unmapped program memory write to 6E95 = 00 & FF
[:maincpu] ':maincpu' (026E): unmapped program memory write to 6E96 = 00 & FF
[:maincpu] ':maincpu' (026E): unmapped program memory write to 6E97 = 00 & FF
[:maincpu] ':maincpu' (026E): unmapped program memory write to 6E98 = 00 & FF
[:maincpu] ':maincpu' (026E): unmapped program memory write to 6E99 = 00 & FF
[:maincpu] ':maincpu' (026E): unmapped program memory write to 6E9A = 00 & FF
[:maincpu] ':maincpu' (026E): unmapped program memory write to 6E9B = 00 & FF
[:maincpu] ':maincpu' (026E): unmapped program memory write to 6E9C = 00 & FF
[:maincpu] ':maincpu' (026E): unmapped program memory write to 6E9D = 00 & FF
[:maincpu] ':maincpu' (026E): unmapped program memory write to 6E9E = 00 & FF
[:maincpu] ':maincpu' (026E): unmapped program memory write to 6E9F = 00 & FF
[:maincpu] ':maincpu' (026E): unmapped program memory write to 6EA0 = 00 & FF
[:maincpu] ':maincpu' (026E): unmapped program memory write to 6EA1 = 00 & FF
[:maincpu] ':maincpu' (026E): unmapped program memory write to 6EA2 = 00 & FF
[:maincpu] ':maincpu' (026E): unmapped program memory write to 6EA3 = 00 & FF
[:maincpu] ':maincpu' (026E): unmapped program memory write to 6EA4 = 00 & FF
[:maincpu] ':maincpu' (026E): unmapped program memory write to 6EA5 = 00 & FF
[:maincpu] ':maincpu' (026E): unmapped program memory write to 6EA6 = 00 & FF
[:maincpu] ':maincpu' (026E): unmapped program memory write to 6EA7 = 00 & FF
[:maincpu] ':maincpu' (026E): unmapped program memory write to 6EA8 = 00 & FF
[:maincpu] ':maincpu' (026E): unmapped program memory write to 6EA9 = 00 & FF
[:maincpu] ':maincpu' (026E): unmapped program memory write to 6EAA = 00 & FF
[:maincpu] ':maincpu' (026E): unmapped program memory write to 6EAB = 00 & FF
[:maincpu] ':maincpu' (026E): unmapped program memory write to 6EAC = 00 & FF
[:maincpu] ':maincpu' (026E): unmapped program memory write to 6EAD = 00 & FF
[:maincpu] ':maincpu' (026E): unmapped program memory write to 6EAE = 00 & FF
[:maincpu] ':maincpu' (026E): unmapped program memory write to 6EAF = 00 & FF
[:maincpu] ':maincpu' (026E): unmapped program memory write to 6EB0 = 00 & FF
[:maincpu] ':maincpu' (026E): unmapped program memory write to 6EB1 = 00 & FF
[:maincpu] ':maincpu' (026E): unmapped program memory write to 6EB2 = 00 & FF
[:maincpu] ':maincpu' (026E): unmapped program memory write to 6EB3 = 00 & FF
[:maincpu] ':maincpu' (026E): unmapped program memory write to 6EB4 = 00 & FF
[:maincpu] ':maincpu' (026E): unmapped program memory write to 6EB5 = 00 & FF
[:maincpu] ':maincpu' (026E): unmapped program memory write to 6EB6 = 00 & FF
[:maincpu] ':maincpu' (026E): unmapped program memory write to 6EB7 = 00 & FF
[:maincpu] ':maincpu' (026E): unmapped program memory write to 6EB8 = 00 & FF
[:maincpu] ':maincpu' (026E): unmapped program memory write to 6EB9 = 00 & FF
[:maincpu] ':maincpu' (026E): unmapped program memory write to 6EBA = 00 & FF
[:maincpu] ':maincpu' (026E): unmapped program memory write to 6EBB = 00 & FF
[:maincpu] ':maincpu' (026E): unmapped program memory write to 6EBC = 00 & FF
[:maincpu] ':maincpu' (026E): unmapped program memory write to 6EBD = 00 & FF
[:maincpu] ':maincpu' (026E): unmapped program memory write to 6EBE = 00 & FF
[:maincpu] ':maincpu' (026E): unmapped program memory write to 6EBF = 00 & FF
[:maincpu] ':maincpu' (026E): unmapped program memory write to 6EC0 = 00 & FF
[:maincpu] ':maincpu' (026E): unmapped program memory write to 6EC1 = 00 & FF
[:maincpu] ':maincpu' (026E): unmapped program memory write to 6EC2 = 00 & FF
[:maincpu] ':maincpu' (026E): unmapped program memory write to 6EC3 = 00 & FF
[:maincpu] ':maincpu' (026E): unmapped program memory write to 6EC4 = 00 & FF
[:maincpu] ':maincpu' (026E): unmapped program memory write to 6EC5 = 00 & FF
[:maincpu] ':maincpu' (026E): unmapped program memory write to 6EC6 = 00 & FF
[:maincpu] ':maincpu' (026E): unmapped program memory write to 6EC7 = 00 & FF
[:maincpu] ':maincpu' (026E): unmapped program memory write to 6EC8 = 00 & FF
[:maincpu] ':maincpu' (026E): unmapped program memory write to 6EC9 = 00 & FF
[:maincpu] ':maincpu' (026E): unmapped program memory write to 6ECA = 00 & FF
[:maincpu] ':maincpu' (026E): unmapped program memory write to 6ECB = 00 & FF
[:maincpu] ':maincpu' (026E): unmapped program memory write to 6ECC = 00 & FF
[:maincpu] ':maincpu' (026E): unmapped program memory write to 6ECD = 00 & FF
[:maincpu] ':maincpu' (026E): unmapped program memory write to 6ECE = 00 & FF
[:maincpu] ':maincpu' (026E): unmapped program memory write to 6ECF = 00 & FF
[:maincpu] ':maincpu' (026E): unmapped program memory write to 6ED0 = 00 & FF
[:maincpu] ':maincpu' (026E): unmapped program memory write to 6ED1 = 00 & FF
[:maincpu] ':maincpu' (026E): unmapped program memory write to 6ED2 = 00 & FF
[:maincpu] ':maincpu' (026E): unmapped program memory write to 6ED3 = 00 & FF
[:maincpu] ':maincpu' (026E): unmapped program memory write to 6ED4 = 00 & FF
[:maincpu] ':maincpu' (026E): unmapped program memory write to 6ED5 = 00 & FF
[:maincpu] ':maincpu' (026E): unmapped program memory write to 6ED6 = 00 & FF
[:maincpu] ':maincpu' (026E): unmapped program memory write to 6ED7 = 00 & FF
[:maincpu] ':maincpu' (026E): unmapped program memory write to 6ED8 = 00 & FF
[:maincpu] ':maincpu' (026E): unmapped program memory write to 6ED9 = 00 & FF
[:maincpu] ':maincpu' (026E): unmapped program memory write to 6EDA = 00 & FF
[:maincpu] ':maincpu' (026E): unmapped program memory write to 6EDB = 00 & FF
[:maincpu] ':maincpu' (026E): unmapped program memory write to 6EDC = 00 & FF
[:maincpu] ':maincpu' (026E): unmapped program memory write to 6EDD = 00 & FF
[:maincpu] ':maincpu' (026E): unmapped program memory write to 6EDE = 00 & FF
[:maincpu] ':maincpu' (026E): unmapped program memory write to 6EDF = 00 & FF
[:maincpu] ':maincpu' (026E): unmapped program memory write to 6EE0 = 00 & FF
[:maincpu] ':maincpu' (026E): unmapped program memory write to 6EE1 = 00 & FF
[:maincpu] ':maincpu' (026E): unmapped program memory write to 6EE2 = 00 & FF
[:maincpu] ':maincpu' (026E): unmapped program memory write to 6EE3 = 00 & FF
[:maincpu] ':maincpu' (026E): unmapped program memory write to 6EE4 = 00 & FF
[:maincpu] ':maincpu' (026E): unmapped program memory write to 6EE5 = 00 & FF
[:maincpu] ':maincpu' (026E): unmapped program memory write to 6EE6 = 00 & FF
[:maincpu] ':maincpu' (026E): unmapped program memory write to 6EE7 = 00 & FF
[:maincpu] ':maincpu' (026E): unmapped program memory write to 6EE8 = 00 & FF
[:maincpu] ':maincpu' (026E): unmapped program memory write to 6EE9 = 00 & FF
[:maincpu] ':maincpu' (026E): unmapped program memory write to 6EEA = 00 & FF
[:maincpu] ':maincpu' (026E): unmapped program memory write to 6EEB = 00 & FF
[:maincpu] ':maincpu' (026E): unmapped program memory write to 6EEC = 00 & FF
[:maincpu] ':maincpu' (026E): unmapped program memory write to 6EED = 00 & FF
[:maincpu] ':maincpu' (026E): unmapped program memory write to 6EEE = 00 & FF
[:maincpu] ':maincpu' (026E): unmapped program memory write to 6EEF = 00 & FF
[:maincpu] ':maincpu' (026E): unmapped program memory write to 6EF0 = 00 & FF
[:maincpu] ':maincpu' (026E): unmapped program memory write to 6EF1 = 00 & FF
[:maincpu] ':maincpu' (026E): unmapped program memory write to 6EF2 = 00 & FF
[:maincpu] ':maincpu' (026E): unmapped program memory write to 6EF3 = 00 & FF
[:maincpu] ':maincpu' (026E): unmapped program memory write to 6EF4 = 00 & FF
[:maincpu] ':maincpu' (026E): unmapped program memory write to 6EF5 = 00 & FF
[:maincpu] ':maincpu' (026E): unmapped program memory write to 6EF6 = 00 & FF
[:maincpu] ':maincpu' (026E): unmapped program memory write to 6EF7 = 00 & FF
[:maincpu] ':maincpu' (026E): unmapped program memory write to 6EF8 = 00 & FF
[:maincpu] ':maincpu' (026E): unmapped program memory write to 6EF9 = 00 & FF
[:maincpu] ':maincpu' (026E): unmapped program memory write to 6EFA = 00 & FF
[:maincpu] ':maincpu' (026E): unmapped program memory write to 6EFB = 00 & FF
[:maincpu] ':maincpu' (026E): unmapped program memory write to 6EFC = 00 & FF
[:maincpu] ':maincpu' (026E): unmapped program memory write to 6EFD = 00 & FF
[:maincpu] ':maincpu' (026E): unmapped program memory write to 6EFE = 00 & FF
[:maincpu] ':maincpu' (026E): unmapped program memory write to 6EFF = 00 & FF
[:maincpu] ':maincpu' (026E): unmapped program memory write to 6F00 = 00 & FF
[:maincpu] ':maincpu' (026E): unmapped program memory write to 6F01 = 00 & FF
[:maincpu] ':maincpu' (026E): unmapped program memory write to 6F02 = 00 & FF
[:maincpu] ':maincpu' (026E): unmapped program memory write to 6F03 = 00 & FF
[:maincpu] ':maincpu' (026E): unmapped program memory write to 6F04 = 00 & FF
[:maincpu] ':maincpu' (026E): unmapped program memory write to 6F05 = 00 & FF
[:maincpu] ':maincpu' (026E): unmapped program memory write to 6F06 = 00 & FF
[:maincpu] ':maincpu' (026E): unmapped program memory write to 6F07 = 00 & FF
[:maincpu] ':maincpu' (026E): unmapped program memory write to 6F08 = 00 & FF
[:maincpu] ':maincpu' (026E): unmapped program memory write to 6F09 = 00 & FF
[:maincpu] ':maincpu' (026E): unmapped program memory write to 6F0A = 00 & FF
[:maincpu] ':maincpu' (026E): unmapped program memory write to 6F0B = 00 & FF
[:maincpu] ':maincpu' (026E): unmapped program memory write to 6F0C = 00 & FF
[:maincpu] ':maincpu' (026E): unmapped program memory write to 6F0D = 00 & FF
[:maincpu] ':maincpu' (026E): unmapped program memory write to 6F0E = 00 & FF
[:maincpu] ':maincpu' (026E): unmapped program memory write to 6F0F = 00 & FF
[:maincpu] ':maincpu' (026E): unmapped program memory write to 6F10 = 00 & FF
[:maincpu] ':maincpu' (026E): unmapped program memory write to 6F11 = 00 & FF
[:maincpu] ':maincpu' (026E): unmapped program memory write to 6F12 = 00 & FF
[:maincpu] ':maincpu' (026E): unmapped program memory write to 6F13 = 00 & FF
[:maincpu] ':maincpu' (026E): unmapped program memory write to 6F14 = 00 & FF
[:maincpu] ':maincpu' (026E): unmapped program memory write to 6F15 = 00 & FF
[:maincpu] ':maincpu' (026E): unmapped program memory write to 6F16 = 00 & FF
[:maincpu] ':maincpu' (026E): unmapped program memory write to 6F17 = 00 & FF
[:maincpu] ':maincpu' (026E): unmapped program memory write to 6F18 = 00 & FF
[:maincpu] ':maincpu' (026E): unmapped program memory write to 6F19 = 00 & FF
[:maincpu] ':maincpu' (026E): unmapped program memory write to 6F1A = 00 & FF
[:maincpu] ':maincpu' (026E): unmapped program memory write to 6F1B = 00 & FF
[:maincpu] ':maincpu' (026E): unmapped program memory write to 6F1C = 00 & FF
[:maincpu] ':maincpu' (026E): unmapped program memory write to 6F1D = 00 & FF
[:maincpu] ':maincpu' (026E): unmapped program memory write to 6F1E = 00 & FF
[:maincpu] ':maincpu' (026E): unmapped program memory write to 6F1F = 00 & FF
[:maincpu] ':maincpu' (026E): unmapped program memory write to 6F20 = 00 & FF
[:maincpu] ':maincpu' (026E): unmapped program memory write to 6F21 = 00 & FF
[:maincpu] ':maincpu' (026E): unmapped program memory write to 6F22 = 00 & FF
[:maincpu] ':maincpu' (026E): unmapped program memory write to 6F23 = 00 & FF
[:maincpu] ':maincpu' (026E): unmapped program memory write to 6F24 = 00 & FF
[:maincpu] ':maincpu' (026E): unmapped program memory write to 6F25 = 00 & FF
[:maincpu] ':maincpu' (026E): unmapped program memory write to 6F26 = 00 & FF
[:maincpu] ':maincpu' (026E): unmapped program memory write to 6F27 = 00 & FF
[:maincpu] ':maincpu' (026E): unmapped program memory write to 6F28 = 00 & FF
[:maincpu] ':maincpu' (026E): unmapped program memory write to 6F29 = 00 & FF
[:maincpu] ':maincpu' (026E): unmapped program memory write to 6F2A = 00 & FF
[:maincpu] ':maincpu' (026E): unmapped program memory write to 6F2B = 00 & FF
[:maincpu] ':maincpu' (026E): unmapped program memory write to 6F2C = 00 & FF
[:maincpu] ':maincpu' (026E): unmapped program memory write to 6F2D = 00 & FF
[:maincpu] ':maincpu' (026E): unmapped program memory write to 6F2E = 00 & FF
[:maincpu] ':maincpu' (026E): unmapped program memory write to 6F2F = 00 & FF
[:maincpu] ':maincpu' (026E): unmapped program memory write to 6F30 = 00 & FF
[:maincpu] ':maincpu' (026E): unmapped program memory write to 6F31 = 00 & FF
[:maincpu] ':maincpu' (026E): unmapped program memory write to 6F32 = 00 & FF
[:maincpu] ':maincpu' (026E): unmapped program memory write to 6F33 = 00 & FF
[:maincpu] ':maincpu' (026E): unmapped program memory write to 6F34 = 00 & FF
[:maincpu] ':maincpu' (026E): unmapped program memory write to 6F35 = 00 & FF
[:maincpu] ':maincpu' (026E): unmapped program memory write to 6F36 = 00 & FF
[:maincpu] ':maincpu' (026E): unmapped program memory write to 6F37 = 00 & FF
[:maincpu] ':maincpu' (026E): unmapped program memory write to 6F38 = 00 & FF
[:maincpu] ':maincpu' (026E): unmapped program memory write to 6F39 = 00 & FF
[:maincpu] ':maincpu' (026E): unmapped program memory write to 6F3A = 00 & FF
[:maincpu] ':maincpu' (026E): unmapped program memory write to 6F3B = 00 & FF
[:maincpu] ':maincpu' (026E): unmapped program memory write to 6F3C = 00 & FF
[:maincpu] ':maincpu' (026E): unmapped program memory write to 6F3D = 00 & FF
[:maincpu] ':maincpu' (026E): unmapped program memory write to 6F3E = 00 & FF
[:maincpu] ':maincpu' (026E): unmapped program memory write to 6F3F = 00 & FF
[:maincpu] ':maincpu' (026E): unmapped program memory write to 6F40 = 00 & FF
[:maincpu] ':maincpu' (026E): unmapped program memory write to 6F41 = 00 & FF
[:maincpu] ':maincpu' (026E): unmapped program memory write to 6F42 = 00 & FF
[:maincpu] ':maincpu' (026E): unmapped program memory write to 6F43 = 00 & FF
[:maincpu] ':maincpu' (026E): unmapped program memory write to 6F44 = 00 & FF
[:maincpu] ':maincpu' (026E): unmapped program memory write to 6F45 = 00 & FF
[:maincpu] ':maincpu' (026E): unmapped program memory write to 6F46 = 00 & FF
[:maincpu] ':maincpu' (026E): unmapped program memory write to 6F47 = 00 & FF
[:maincpu] ':maincpu' (026E): unmapped program memory write to 6F48 = 00 & FF
[:maincpu] ':maincpu' (026E): unmapped program memory write to 6F49 = 00 & FF
[:maincpu] ':maincpu' (026E): unmapped program memory write to 6F4A = 00 & FF
[:maincpu] ':maincpu' (026E): unmapped program memory write to 6F4B = 00 & FF
[:maincpu] ':maincpu' (026E): unmapped program memory write to 6F4C = 00 & FF
[:maincpu] ':maincpu' (026E): unmapped program memory write to 6F4D = 00 & FF
[:maincpu] ':maincpu' (026E): unmapped program memory write to 6F4E = 00 & FF
[:maincpu] ':maincpu' (026E): unmapped program memory write to 6F4F = 00 & FF
[:maincpu] ':maincpu' (026E): unmapped program memory write to 6F50 = 00 & FF
[:maincpu] ':maincpu' (026E): unmapped program memory write to 6F51 = 00 & FF
[:maincpu] ':maincpu' (026E): unmapped program memory write to 6F52 = 00 & FF
[:maincpu] ':maincpu' (026E): unmapped program memory write to 6F53 = 00 & FF
[:maincpu] ':maincpu' (026E): unmapped program memory write to 6F54 = 00 & FF
[:maincpu] ':maincpu' (026E): unmapped program memory write to 6F55 = 00 & FF
[:maincpu] ':maincpu' (026E): unmapped program memory write to 6F56 = 00 & FF
[:maincpu] ':maincpu' (026E): unmapped program memory write to 6F57 = 00 & FF
[:maincpu] ':maincpu' (026E): unmapped program memory write to 6F58 = 00 & FF
[:maincpu] ':maincpu' (026E): unmapped program memory write to 6F59 = 00 & FF
[:maincpu] ':maincpu' (026E): unmapped program memory write to 6F5A = 00 & FF
[:maincpu] ':maincpu' (026E): unmapped program memory write to 6F5B = 00 & FF
[:maincpu] ':maincpu' (026E): unmapped program memory write to 6F5C = 00 & FF
[:maincpu] ':maincpu' (026E): unmapped program memory write to 6F5D = 00 & FF
[:maincpu] ':maincpu' (026E): unmapped program memory write to 6F5E = 00 & FF
[:maincpu] ':maincpu' (026E): unmapped program memory write to 6F5F = 00 & FF
[:maincpu] ':maincpu' (026E): unmapped program memory write to 6F60 = 00 & FF
[:maincpu] ':maincpu' (026E): unmapped program memory write to 6F61 = 00 & FF
[:maincpu] ':maincpu' (026E): unmapped program memory write to 6F62 = 00 & FF
[:maincpu] ':maincpu' (026E): unmapped program memory write to 6F63 = 00 & FF
[:maincpu] ':maincpu' (026E): unmapped program memory write to 6F64 = 00 & FF
[:maincpu] ':maincpu' (026E): unmapped program memory write to 6F65 = 00 & FF
[:maincpu] ':maincpu' (026E): unmapped program memory write to 6F66 = 00 & FF
[:maincpu] ':maincpu' (026E): unmapped program memory write to 6F67 = 00 & FF
[:maincpu] ':maincpu' (026E): unmapped program memory write to 6F68 = 00 & FF
[:maincpu] ':maincpu' (026E): unmapped program memory write to 6F69 = 00 & FF
[:maincpu] ':maincpu' (026E): unmapped program memory write to 6F6A = 00 & FF
[:maincpu] ':maincpu' (026E): unmapped program memory write to 6F6B = 00 & FF
[:maincpu] ':maincpu' (026E): unmapped program memory write to 6F6C = 00 & FF
[:maincpu] ':maincpu' (026E): unmapped program memory write to 6F6D = 00 & FF
[:maincpu] ':maincpu' (026E): unmapped program memory write to 6F6E = 00 & FF
[:maincpu] ':maincpu' (026E): unmapped program memory write to 6F6F = 00 & FF
[:maincpu] ':maincpu' (026E): unmapped program memory write to 6F70 = 00 & FF
[:maincpu] ':maincpu' (026E): unmapped program memory write to 6F71 = 00 & FF
[:maincpu] ':maincpu' (026E): unmapped program memory write to 6F72 = 00 & FF
[:maincpu] ':maincpu' (026E): unmapped program memory write to 6F73 = 00 & FF
[:maincpu] ':maincpu' (026E): unmapped program memory write to 6F74 = 00 & FF
[:maincpu] ':maincpu' (026E): unmapped program memory write to 6F75 = 00 & FF
[:maincpu] ':maincpu' (026E): unmapped program memory write to 6F76 = 00 & FF
[:maincpu] ':maincpu' (026E): unmapped program memory write to 6F77 = 00 & FF
[:maincpu] ':maincpu' (026E): unmapped program memory write to 6F78 = 00 & FF
[:maincpu] ':maincpu' (026E): unmapped program memory write to 6F79 = 00 & FF
[:maincpu] ':maincpu' (026E): unmapped program memory write to 6F7A = 00 & FF
[:maincpu] ':maincpu' (026E): unmapped program memory write to 6F7B = 00 & FF
[:maincpu] ':maincpu' (026E): unmapped program memory write to 6F7C = 00 & FF
[:maincpu] ':maincpu' (026E): unmapped program memory write to 6F7D = 00 & FF
[:maincpu] ':maincpu' (026E): unmapped program memory write to 6F7E = 00 & FF
[:maincpu] ':maincpu' (026E): unmapped program memory write to 6F7F = 00 & FF
[:maincpu] ':maincpu' (026E): unmapped program memory write to 6F80 = 00 & FF
[:maincpu] ':maincpu' (026E): unmapped program memory write to 6F81 = 00 & FF
[:maincpu] ':maincpu' (026E): unmapped program memory write to 6F82 = 00 & FF
[:maincpu] ':maincpu' (026E): unmapped program memory write to 6F83 = 00 & FF
[:maincpu] ':maincpu' (026E): unmapped program memory write to 6F84 = 00 & FF
[:maincpu] ':maincpu' (026E): unmapped program memory write to 6F85 = 00 & FF
[:maincpu] ':maincpu' (026E): unmapped program memory write to 6F86 = 00 & FF
[:maincpu] ':maincpu' (026E): unmapped program memory write to 6F87 = 00 & FF
[:maincpu] ':maincpu' (026E): unmapped program memory write to 6F88 = 00 & FF
[:maincpu] ':maincpu' (026E): unmapped program memory write to 6F89 = 00 & FF
[:maincpu] ':maincpu' (026E): unmapped program memory write to 6F8A = 00 & FF
[:maincpu] ':maincpu' (026E): unmapped program memory write to 6F8B = 00 & FF
[:maincpu] ':maincpu' (026E): unmapped program memory write to 6F8C = 00 & FF
[:maincpu] ':maincpu' (026E): unmapped program memory write to 6F8D = 00 & FF
[:maincpu] ':maincpu' (026E): unmapped program memory write to 6F8E = 00 & FF
[:maincpu] ':maincpu' (026E): unmapped program memory write to 6F8F = 00 & FF
[:maincpu] ':maincpu' (026E): unmapped program memory write to 6F90 = 00 & FF
[:maincpu] ':maincpu' (026E): unmapped program memory write to 6F91 = 00 & FF
[:maincpu] ':maincpu' (026E): unmapped program memory write to 6F92 = 00 & FF
[:maincpu] ':maincpu' (026E): unmapped program memory write to 6F93 = 00 & FF
[:maincpu] ':maincpu' (026E): unmapped program memory write to 6F94 = 00 & FF
[:maincpu] ':maincpu' (026E): unmapped program memory write to 6F95 = 00 & FF
[:maincpu] ':maincpu' (026E): unmapped program memory write to 6F96 = 00 & FF
[:maincpu] ':maincpu' (026E): unmapped program memory write to 6F97 = 00 & FF
[:maincpu] ':maincpu' (026E): unmapped program memory write to 6F98 = 00 & FF
[:maincpu] ':maincpu' (026E): unmapped program memory write to 6F99 = 00 & FF
[:maincpu] ':maincpu' (026E): unmapped program memory write to 6F9A = 00 & FF
[:maincpu] ':maincpu' (026E): unmapped program memory write to 6F9B = 00 & FF
[:maincpu] ':maincpu' (026E): unmapped program memory write to 6F9C = 00 & FF
[:maincpu] ':maincpu' (026E): unmapped program memory write to 6F9D = 00 & FF
[:maincpu] ':maincpu' (026E): unmapped program memory write to 6F9E = 00 & FF
[:maincpu] ':maincpu' (026E): unmapped program memory write to 6F9F = 00 & FF
[:maincpu] ':maincpu' (026E): unmapped program memory write to 6FA0 = 00 & FF
[:maincpu] ':maincpu' (026E): unmapped program memory write to 6FA1 = 00 & FF
[:maincpu] ':maincpu' (026E): unmapped program memory write to 6FA2 = 00 & FF
[:maincpu] ':maincpu' (026E): unmapped program memory write to 6FA3 = 00 & FF
[:maincpu] ':maincpu' (026E): unmapped program memory write to 6FA4 = 00 & FF
[:maincpu] ':maincpu' (026E): unmapped program memory write to 6FA5 = 00 & FF
[:maincpu] ':maincpu' (026E): unmapped program memory write to 6FA6 = 00 & FF
[:maincpu] ':maincpu' (026E): unmapped program memory write to 6FA7 = 00 & FF
[:maincpu] ':maincpu' (026E): unmapped program memory write to 6FA8 = 00 & FF
[:maincpu] ':maincpu' (026E): unmapped program memory write to 6FA9 = 00 & FF
[:maincpu] ':maincpu' (026E): unmapped program memory write to 6FAA = 00 & FF
[:maincpu] ':maincpu' (026E): unmapped program memory write to 6FAB = 00 & FF
[:maincpu] ':maincpu' (026E): unmapped program memory write to 6FAC = 00 & FF
[:maincpu] ':maincpu' (026E): unmapped program memory write to 6FAD = 00 & FF
[:maincpu] ':maincpu' (026E): unmapped program memory write to 6FAE = 00 & FF
[:maincpu] ':maincpu' (026E): unmapped program memory write to 6FAF = 00 & FF
[:maincpu] ':maincpu' (026E): unmapped program memory write to 6FB0 = 00 & FF
[:maincpu] ':maincpu' (026E): unmapped program memory write to 6FB1 = 00 & FF
[:maincpu] ':maincpu' (026E): unmapped program memory write to 6FB2 = 00 & FF
[:maincpu] ':maincpu' (026E): unmapped program memory write to 6FB3 = 00 & FF
[:maincpu] ':maincpu' (026E): unmapped program memory write to 6FB4 = 00 & FF
[:maincpu] ':maincpu' (026E): unmapped program memory write to 6FB5 = 00 & FF
[:maincpu] ':maincpu' (026E): unmapped program memory write to 6FB6 = 00 & FF
[:maincpu] ':maincpu' (026E): unmapped program memory write to 6FB7 = 00 & FF
[:maincpu] ':maincpu' (026E): unmapped program memory write to 6FB8 = 00 & FF
[:maincpu] ':maincpu' (026E): unmapped program memory write to 6FB9 = 00 & FF
[:maincpu] ':maincpu' (026E): unmapped program memory write to 6FBA = 00 & FF
[:maincpu] ':maincpu' (026E): unmapped program memory write to 6FBB = 00 & FF
[:maincpu] ':maincpu' (026E): unmapped program memory write to 6FBC = 00 & FF
[:maincpu] ':maincpu' (026E): unmapped program memory write to 6FBD = 00 & FF
[:maincpu] ':maincpu' (026E): unmapped program memory write to 6FBE = 00 & FF
[:maincpu] ':maincpu' (026E): unmapped program memory write to 6FBF = 00 & FF
[:maincpu] ':maincpu' (026E): unmapped program memory write to 6FC0 = 00 & FF
[:maincpu] ':maincpu' (026E): unmapped program memory write to 6FC1 = 00 & FF
[:maincpu] ':maincpu' (026E): unmapped program memory write to 6FC2 = 00 & FF
[:maincpu] ':maincpu' (026E): unmapped program memory write to 6FC3 = 00 & FF
[:maincpu] ':maincpu' (026E): unmapped program memory write to 6FC4 = 00 & FF
[:maincpu] ':maincpu' (026E): unmapped program memory write to 6FC5 = 00 & FF
[:maincpu] ':maincpu' (026E): unmapped program memory write to 6FC6 = 00 & FF
[:maincpu] ':maincpu' (026E): unmapped program memory write to 6FC7 = 00 & FF
[:maincpu] ':maincpu' (026E): unmapped program memory write to 6FC8 = 00 & FF
[:maincpu] ':maincpu' (026E): unmapped program memory write to 6FC9 = 00 & FF
[:maincpu] ':maincpu' (026E): unmapped program memory write to 6FCA = 00 & FF
[:maincpu] ':maincpu' (026E): unmapped program memory write to 6FCB = 00 & FF
[:maincpu] ':maincpu' (026E): unmapped program memory write to 6FCC = 00 & FF
[:maincpu] ':maincpu' (026E): unmapped program memory write to 6FCD = 00 & FF
[:maincpu] ':maincpu' (026E): unmapped program memory write to 6FCE = 00 & FF
[:maincpu] ':maincpu' (026E): unmapped program memory write to 6FCF = 00 & FF
[:maincpu] ':maincpu' (026E): unmapped program memory write to 6FD0 = 00 & FF
[:maincpu] ':maincpu' (026E): unmapped program memory write to 6FD1 = 00 & FF
[:maincpu] ':maincpu' (026E): unmapped program memory write to 6FD2 = 00 & FF
[:maincpu] ':maincpu' (026E): unmapped program memory write to 6FD3 = 00 & FF
[:maincpu] ':maincpu' (026E): unmapped program memory write to 6FD4 = 00 & FF
[:maincpu] ':maincpu' (026E): unmapped program memory write to 6FD5 = 00 & FF
[:maincpu] ':maincpu' (026E): unmapped program memory write to 6FD6 = 00 & FF
[:maincpu] ':maincpu' (026E): unmapped program memory write to 6FD7 = 00 & FF
[:maincpu] ':maincpu' (026E): unmapped program memory write to 6FD8 = 00 & FF
[:maincpu] ':maincpu' (026E): unmapped program memory write to 6FD9 = 00 & FF
[:maincpu] ':maincpu' (026E): unmapped program memory write to 6FDA = 00 & FF
[:maincpu] ':maincpu' (026E): unmapped program memory write to 6FDB = 00 & FF
[:maincpu] ':maincpu' (026E): unmapped program memory write to 6FDC = 00 & FF
[:maincpu] ':maincpu' (026E): unmapped program memory write to 6FDD = 00 & FF
[:maincpu] ':maincpu' (026E): unmapped program memory write to 6FDE = 00 & FF
[:maincpu] ':maincpu' (026E): unmapped program memory write to 6FDF = 00 & FF
[:maincpu] ':maincpu' (026E): unmapped program memory write to 6FE0 = 00 & FF
[:maincpu] ':maincpu' (026E): unmapped program memory write to 6FE1 = 00 & FF
[:maincpu] ':maincpu' (026E): unmapped program memory write to 6FE2 = 00 & FF
[:maincpu] ':maincpu' (026E): unmapped program memory write to 6FE3 = 00 & FF
[:maincpu] ':maincpu' (026E): unmapped program memory write to 6FE4 = 00 & FF
[:maincpu] ':maincpu' (026E): unmapped program memory write to 6FE5 = 00 & FF
[:maincpu] ':maincpu' (026E): unmapped program memory write to 6FE6 = 00 & FF
[:maincpu] ':maincpu' (026E): unmapped program memory write to 6FE7 = 00 & FF
[:maincpu] ':maincpu' (026E): unmapped program memory write to 6FE8 = 00 & FF
[:maincpu] ':maincpu' (026E): unmapped program memory write to 6FE9 = 00 & FF
[:maincpu] ':maincpu' (026E): unmapped program memory write to 6FEA = 00 & FF
[:maincpu] ':maincpu' (026E): unmapped program memory write to 6FEB = 00 & FF
[:maincpu] ':maincpu' (026E): unmapped program memory write to 6FEC = 00 & FF
[:maincpu] ':maincpu' (026E): unmapped program memory write to 6FED = 00 & FF
[:maincpu] ':maincpu' (026E): unmapped program memory write to 6FEE = 00 & FF
[:maincpu] ':maincpu' (026E): unmapped program memory write to 6FEF = 00 & FF
[:maincpu] ':maincpu' (026E): unmapped program memory write to 6FF0 = 00 & FF
[:maincpu] ':maincpu' (026E): unmapped program memory write to 6FF1 = 00 & FF
[:maincpu] ':maincpu' (026E): unmapped program memory write to 6FF2 = 00 & FF
[:maincpu] ':maincpu' (026E): unmapped program memory write to 6FF3 = 00 & FF
[:maincpu] ':maincpu' (026E): unmapped program memory write to 6FF4 = 00 & FF
[:maincpu] ':maincpu' (026E): unmapped program memory write to 6FF5 = 00 & FF
[:maincpu] ':maincpu' (026E): unmapped program memory write to 6FF6 = 00 & FF
[:maincpu] ':maincpu' (026E): unmapped program memory write to 6FF7 = 00 & FF
[:maincpu] ':maincpu' (026E): unmapped program memory write to 6FF8 = 00 & FF
[:maincpu] ':maincpu' (026E): unmapped program memory write to 6FF9 = 00 & FF
[:maincpu] ':maincpu' (026E): unmapped program memory write to 6FFA = 00 & FF
[:maincpu] ':maincpu' (026E): unmapped program memory write to 6FFB = 00 & FF
[:maincpu] ':maincpu' (026E): unmapped program memory write to 6FFC = 00 & FF
[:maincpu] ':maincpu' (026E): unmapped program memory write to 6FFD = 00 & FF
[:maincpu] ':maincpu' (026E): unmapped program memory write to 6FFE = 00 & FF
[:maincpu] ':maincpu' (026E): unmapped program memory write to 6FFF = 00 & FF
